CartPole DQN | Device: cuda
==================================================
Episode   50 | Avg(100):  14.12 | Eps: 0.470 | Loss: 0.0915
Episode  100 | Avg(100):  13.22 | Eps: 0.277 | Loss: 0.2378
Episode  150 | Avg(100):  16.17 | Eps: 0.133 | Loss: 0.3971
Episode  200 | Avg(100):  84.08 | Eps: 0.050 | Loss: 0.6304
Episode  250 | Avg(100): 143.57 | Eps: 0.050 | Loss: 0.1736
Episode  300 | Avg(100): 137.85 | Eps: 0.050 | Loss: 0.0161
Episode  350 | Avg(100): 135.24 | Eps: 0.050 | Loss: 0.0102
Episode  400 | Avg(100): 137.30 | Eps: 0.050 | Loss: 0.0169
Episode  450 | Avg(100): 154.65 | Eps: 0.050 | Loss: 0.2428
Episode  500 | Avg(100): 114.59 | Eps: 0.050 | Loss: 0.9055
Episode  550 | Avg(100):  43.06 | Eps: 0.050 | Loss: 1.7851
Episode  600 | Avg(100):  22.12 | Eps: 0.050 | Loss: 2.0737
Saved: results/cartpole_dqn_20260602_103539/training_log.csv

=======================================================
TRAINING SUMMARY — CartPole DQN
=======================================================
  Episodes trained         : 600
  Solved at episode        : Not solved
  Mean reward (all)        : 84.86 ± 64.00
  Mean reward (last 100)   : 22.12 ± 6.58
  Best single episode      : 311
  Success rate (last 100)  : 0 / 100  (0.0%)
  Final mean loss          : 1.964261
  Min mean loss            : 0.006907

  Hyperparameters
    Batch size             : 128
    Gamma                  : 0.99
    Learning rate          : 0.0001
    Epsilon                : 0.9 → 0.05  (decay steps: 1000)
    Soft update tau        : 0.005
    Replay buffer size     : 10,000
    Network                : 4 → 128 → 128 → 2  (ReLU, Huber loss, AdamW)
=======================================================
Saved: results/cartpole_dqn_20260602_103539/summary.txt
Saved: results/cartpole_dqn_20260602_103539/training_results.png

Testing trained agent (10 episodes)...
  ✗ Test  1: 18 steps
  ✗ Test  2: 21 steps
  ✗ Test  3: 15 steps
  ✗ Test  4: 21 steps
  ✗ Test  5: 22 steps
  ✗ Test  6: 15 steps
  ✗ Test  7: 24 steps
  ✗ Test  8: 23 steps
  ✗ Test  9: 17 steps
  ✗ Test 10: 21 steps

  Average : 19.70 ± 3.07
  Result  : Needs more training

Results saved to: results/cartpole_dqn_20260602_103539/
