/home/taurovinol/rl/cartpole/4_ppo.py:112: UserWarning: Creating a tensor from a list of numpy.ndarrays is extremely slow. Please consider converting the list to a single numpy.ndarray with numpy.array() before converting to a tensor. (Triggered internally at /pytorch/torch/csrc/utils/tensor_new.cpp:253.)
  states     = torch.FloatTensor(self.states).to(DEVICE)
CartPole PPO | Device: cuda
==================================================
Episode   25 | Avg(100):  25.60 | Last: 67
Episode   50 | Avg(100):  27.72 | Last: 16
Episode   75 | Avg(100):  35.44 | Last: 106
Episode  100 | Avg(100):  38.95 | Last: 74
Episode  125 | Avg(100):  55.81 | Last: 124
Episode  150 | Avg(100):  89.23 | Last: 180
Episode  175 | Avg(100): 145.97 | Last: 500

Solved at episode 195! Avg(100): 197.10
Saved: results/cartpole_ppo_20260602_103540/training_log.csv
Saved: results/cartpole_ppo_20260602_103540/update_log.csv

=======================================================
TRAINING SUMMARY — CartPole PPO
=======================================================
  Episodes trained         : 195
  Policy updates           : 9
  Solved at episode        : 195
  Mean reward (all)        : 119.90 ± 117.17
  Mean reward (last 100)   : 197.10 ± 117.81
  Best single episode      : 500
  Success rate (last 100)  : 47 / 100  (47.0%)
  Final policy loss        : -0.005924
  Final value loss         : 14.035321
  Final entropy            : 0.5523
  Mean clip fraction       : 0.093

  Hyperparameters
    Learning rate          : 0.0003
    Gamma / Lambda (GAE)   : 0.99 / 0.95
    Clip epsilon           : 0.2
    Entropy coef           : 0.01
    Value coef             : 0.5
    Epochs per update      : 10
    Batch size             : 64
    Update frequency       : every 20 episodes
    Network                : 4 → 128 (actor) + 128 (critic)  [Tanh]
=======================================================
Saved: results/cartpole_ppo_20260602_103540/summary.txt
Saved: results/cartpole_ppo_20260602_103540/training_results.png

Testing trained agent (20 episodes)...
  ✓ Test  1: 368 steps
  ✓ Test  2: 500 steps
  ✓ Test  3: 500 steps
  ✓ Test  4: 339 steps
  ✓ Test  5: 421 steps
  ✓ Test  6: 408 steps
  ✓ Test  7: 500 steps
  ✓ Test  8: 500 steps
  ✓ Test  9: 444 steps
  ✓ Test 10: 500 steps
  ✓ Test 11: 500 steps
  ✓ Test 12: 500 steps
  ✓ Test 13: 359 steps
  ✓ Test 14: 500 steps
  ✓ Test 15: 353 steps
  ✓ Test 16: 500 steps
  ✓ Test 17: 500 steps
  ✓ Test 18: 462 steps
  ✓ Test 19: 500 steps
  ✓ Test 20: 500 steps

  Average : 457.70 ± 58.45
  Success : 100%
  Result  : SOLVED

Results saved to: results/cartpole_ppo_20260602_103540/
