CartPole Actor-Critic | Device: cuda
==================================================
Episode   50 | Avg(100):  18.76 | Loss: 3.589
Episode  100 | Avg(100):  19.76 | Loss: 0.638
Episode  150 | Avg(100):  21.36 | Loss: 3.467
Episode  200 | Avg(100):  21.58 | Loss: 0.208
Episode  250 | Avg(100):  23.13 | Loss: -4.612
Episode  300 | Avg(100):  24.68 | Loss: -1.697
Episode  350 | Avg(100):  25.70 | Loss: 1.823
Episode  400 | Avg(100):  31.04 | Loss: 3.045
Episode  450 | Avg(100):  35.61 | Loss: -2.332
Episode  500 | Avg(100):  46.98 | Loss: -1.403
Episode  550 | Avg(100):  57.85 | Loss: -6.525
Episode  600 | Avg(100):  65.81 | Loss: -8.190
Episode  650 | Avg(100):  72.35 | Loss: -7.240
Episode  700 | Avg(100):  81.20 | Loss: -1.557
Episode  750 | Avg(100):  95.89 | Loss: 29.437
Episode  800 | Avg(100): 110.90 | Loss: -10.278
Episode  850 | Avg(100): 134.43 | Loss: 21.459
Episode  900 | Avg(100): 138.85 | Loss: 4.583
Episode  950 | Avg(100): 141.64 | Loss: 14.188
Episode 1000 | Avg(100): 147.05 | Loss: -26.301
Saved: results/cartpole_ac_20260602_103540/training_log.csv

=======================================================
TRAINING SUMMARY — CartPole Actor-Critic (A2C)
=======================================================
  Episodes trained         : 1,000
  Solved at episode        : Not solved
  Mean reward (all)        : 68.78 ± 65.64
  Mean reward (last 100)   : 147.05 ± 72.85
  Best single episode      : 424
  Success rate ≥195 (last100): 24 / 100  (24.0%)
  Final mean actor loss    : -2.6985
  Final mean critic loss   : 0.3039

  Hyperparameters
    Learning rate          : 0.0003
    Gamma                  : 0.99
    Gradient clip norm     : 0.5
    Network                : 4 → 128 (shared) → actor(2) + critic(1)
    Optimiser              : Adam
    Return normalisation   : per-episode z-score
=======================================================
Saved: results/cartpole_ac_20260602_103540/summary.txt
Saved: results/cartpole_ac_20260602_103540/training_results.png

Testing trained agent (10 episodes)...
  ✓ Test  1: 440 steps
  ✓ Test  2: 314 steps
  ✓ Test  3: 500 steps
  ✓ Test  4: 500 steps
  ✓ Test  5: 500 steps
  ✓ Test  6: 321 steps
  ✓ Test  7: 267 steps
  ✓ Test  8: 500 steps
  ✓ Test  9: 500 steps
  ✓ Test 10: 500 steps

  Average : 434.20 ± 90.13
  Result  : SOLVED

Results saved to: results/cartpole_ac_20260602_103540/
