GridWorld Q-Learning
Grid: 6×6 | Walls: 6 | Start: (0, 0) | Goal: (5, 5)
=======================================================
Episode  300 | Avg reward (100):   7.51 | Epsilon: 0.222
Episode  600 | Avg reward (100):   8.77 | Epsilon: 0.049
Episode  900 | Avg reward (100):   9.01 | Epsilon: 0.011
Episode 1200 | Avg reward (100):   9.08 | Epsilon: 0.010
Episode 1500 | Avg reward (100):   9.05 | Epsilon: 0.010
Episode 1800 | Avg reward (100):   9.05 | Epsilon: 0.010
Episode 2100 | Avg reward (100):   9.07 | Epsilon: 0.010
Episode 2400 | Avg reward (100):   9.07 | Epsilon: 0.010
Episode 2700 | Avg reward (100):   9.07 | Epsilon: 0.010
Episode 3000 | Avg reward (100):   9.07 | Epsilon: 0.010
Saved: results/gridworld_qlearning_20260602_103536/training_log.csv

=======================================================
TRAINING SUMMARY — GridWorld Q-Learning
=======================================================
  Episodes trained         : 3,000
  Mean reward (all)        : 8.097 ± 5.902
  Mean reward (last 100)   : 9.070 ± 0.171
  Best single reward       : 9.100  (episode 125)
  Mean steps (last 100)    : 10.0
  Goal rate (last 100)     : 100 / 100  (100.0%)

  Hyperparameters
    Alpha (LR)             : 0.1
    Gamma                  : 0.99
    Epsilon start → min    : 1.0 → 0.01  (decay 0.995)
    Grid size              : 6×6
    Rewards (goal/step/wall): 10.0 / -0.1 / -1.0
=======================================================
Saved: results/gridworld_qlearning_20260602_103536/summary.txt
Saved: results/gridworld_qlearning_20260602_103536/training_results.png

Testing trained agent (10 episodes, ε=0)...
  ✓ Test  1:   9.10 reward  |   10 steps
  ✓ Test  2:   9.10 reward  |   10 steps
  ✓ Test  3:   9.10 reward  |   10 steps
  ✓ Test  4:   9.10 reward  |   10 steps
  ✓ Test  5:   9.10 reward  |   10 steps
  ✓ Test  6:   9.10 reward  |   10 steps
  ✓ Test  7:   9.10 reward  |   10 steps
  ✓ Test  8:   9.10 reward  |   10 steps
  ✓ Test  9:   9.10 reward  |   10 steps
  ✓ Test 10:   9.10 reward  |   10 steps

  Avg reward   : 9.100 ± 0.000
  Avg steps    : 10.0
  Reached goal : 10/10  (100%)

Results saved to: results/gridworld_qlearning_20260602_103536/
