MountainCar DQN (reward shaping) | Device: cuda
=======================================================
Episode   50 | Avg(100): -386.70 | Eps: 0.1532 | Loss: 0.0315
Episode  100 | Avg(100): -323.44 | Eps: 0.0490 | Loss: 1.3901
Episode  150 | Avg(100): -219.33 | Eps: 0.0260 | Loss: 27.4964
Episode  200 | Avg(100): -178.76 | Eps: 0.0165 | Loss: 186.8832
Episode  250 | Avg(100): -181.74 | Eps: 0.0126 | Loss: 995.5758
Episode  300 | Avg(100): -214.87 | Eps: 0.0108 | Loss: 3202.7321
Episode  350 | Avg(100): -280.35 | Eps: 0.0102 | Loss: 5125.2203
Episode  400 | Avg(100): -351.94 | Eps: 0.0100 | Loss: 3017.6801
Episode  450 | Avg(100): -313.17 | Eps: 0.0100 | Loss: 51550.3956
Episode  500 | Avg(100): -220.75 | Eps: 0.0100 | Loss: 67234.3585
Episode  550 | Avg(100): -206.74 | Eps: 0.0100 | Loss: 87640.2878
Episode  600 | Avg(100): -211.20 | Eps: 0.0100 | Loss: 158481.6714
Saved: results/mountaincar_dqn_20260602_103539/training_log.csv

=======================================================
TRAINING SUMMARY — MountainCar DQN
=======================================================
  Episodes trained         : 600
  Solved at episode        : Not solved
  Mean reward (all)        : -250.16 ± 91.12
  Mean reward (last 100)   : -211.20 ± 22.64
  Success rate (last 100)  : 0 / 100  (0.0%)
  Mean steps (last 100)    : 211.2
  Final mean loss          : 115037.948256

  Hyperparameters
    Batch size             : 64
    Gamma                  : 0.99
    Learning rate          : 0.001
    Epsilon                : 1.0 → 0.01  (decay steps: 10000)
    Soft update tau        : 0.005
    Replay buffer          : 20,000
    Max steps/episode      : 400
    Reward shaping         : height + 100·KE - 1  (+100 at goal)
=======================================================
Saved: results/mountaincar_dqn_20260602_103539/summary.txt
Saved: results/mountaincar_dqn_20260602_103539/training_results.png
Saved: results/mountaincar_dqn_20260602_103539/trajectory.png

Testing trained agent (20 episodes)...
  ✗ Test  1: -200.0  (200 steps)
  ✗ Test  2: -196.0  (196 steps)
  ✗ Test  3: -193.0  (193 steps)
  ✗ Test  4: -195.0  (195 steps)
  ✗ Test  5: -200.0  (200 steps)
  ✗ Test  6: -200.0  (200 steps)
  ✗ Test  7: -197.0  (197 steps)
  ✗ Test  8: -196.0  (196 steps)
  ✗ Test  9: -200.0  (200 steps)
  ✗ Test 10: -193.0  (193 steps)
  ✗ Test 11: -200.0  (200 steps)
  ✗ Test 12: -192.0  (192 steps)
  ✗ Test 13: -197.0  (197 steps)
  ✗ Test 14: -200.0  (200 steps)
  ✗ Test 15: -200.0  (200 steps)
  ✗ Test 16: -193.0  (193 steps)
  ✗ Test 17: -192.0  (192 steps)
  ✗ Test 18: -200.0  (200 steps)
  ✗ Test 19: -184.0  (184 steps)
  ✗ Test 20: -200.0  (200 steps)

  Average : -196.40 ± 4.16
  Success : 0/20  (0%)
  Result  : Needs more training

Results saved to: results/mountaincar_dqn_20260602_103539/
