MountainCar Q-Learning
=======================================================
Ep   500 | Avg: -200.00 | Best: -200.00 | Success:   0/100 | ε: 0.7788
Ep  1000 | Avg: -200.00 | Best: -200.00 | Success:   0/100 | ε: 0.6065
Ep  1500 | Avg: -200.00 | Best: -200.00 | Success:   0/100 | ε: 0.4723
Ep  2000 | Avg: -200.00 | Best: -200.00 | Success:   0/100 | ε: 0.3678
Ep  2500 | Avg: -199.68 | Best: -199.68 | Success:   0/100 | ε: 0.2864
Ep  3000 | Avg: -196.21 | Best: -195.54 | Success:   0/100 | ε: 0.2230
Ep  3500 | Avg: -199.21 | Best: -193.30 | Success:   0/100 | ε: 0.1737
Ep  4000 | Avg: -188.92 | Best: -186.78 | Success:   0/100 | ε: 0.1353
Ep  4500 | Avg: -190.04 | Best: -178.17 | Success:   0/100 | ε: 0.1053
Ep  5000 | Avg: -193.96 | Best: -174.20 | Success:   0/100 | ε: 0.0820
Ep  5500 | Avg: -183.08 | Best: -174.20 | Success:   0/100 | ε: 0.0639
Ep  6000 | Avg: -176.81 | Best: -163.47 | Success:   0/100 | ε: 0.0497
Ep  6500 | Avg: -177.63 | Best: -163.47 | Success:   0/100 | ε: 0.0387
Ep  7000 | Avg: -171.74 | Best: -148.67 | Success:   0/100 | ε: 0.0302
Ep  7500 | Avg: -172.31 | Best: -148.67 | Success:   0/100 | ε: 0.0235
Ep  8000 | Avg: -179.53 | Best: -145.62 | Success:   0/100 | ε: 0.0183
Ep  8500 | Avg: -160.54 | Best: -145.62 | Success:   0/100 | ε: 0.0142
Ep  9000 | Avg: -137.63 | Best: -135.03 | Success:   0/100 | ε: 0.0111
Ep  9500 | Avg: -135.93 | Best: -135.03 | Success:   0/100 | ε: 0.0086
Ep 10000 | Avg: -132.83 | Best: -129.33 | Success:   0/100 | ε: 0.0067
Ep 10500 | Avg: -160.01 | Best: -129.33 | Success:   0/100 | ε: 0.0052
Ep 11000 | Avg: -164.85 | Best: -129.33 | Success:   0/100 | ε: 0.0041
Ep 11500 | Avg: -169.76 | Best: -129.33 | Success:   0/100 | ε: 0.0032
Ep 12000 | Avg: -134.64 | Best: -129.33 | Success:   0/100 | ε: 0.0025
Ep 12500 | Avg: -131.97 | Best: -129.33 | Success:   0/100 | ε: 0.0019
Ep 13000 | Avg: -131.21 | Best: -128.58 | Success:   0/100 | ε: 0.0015
Ep 13500 | Avg: -130.91 | Best: -128.58 | Success:   0/100 | ε: 0.0012
Ep 14000 | Avg: -129.87 | Best: -126.14 | Success:   0/100 | ε: 0.0010
Ep 14500 | Avg: -127.58 | Best: -125.91 | Success:   0/100 | ε: 0.0010
Ep 15000 | Avg: -127.95 | Best: -125.27 | Success:   0/100 | ε: 0.0010
Ep 15500 | Avg: -126.64 | Best: -125.27 | Success:   0/100 | ε: 0.0010
Ep 16000 | Avg: -127.90 | Best: -125.27 | Success:   0/100 | ε: 0.0010
Ep 16500 | Avg: -128.12 | Best: -125.27 | Success:   0/100 | ε: 0.0010
Ep 17000 | Avg: -128.38 | Best: -125.27 | Success:   0/100 | ε: 0.0010
Ep 17500 | Avg: -125.89 | Best: -125.27 | Success:   0/100 | ε: 0.0010
Ep 18000 | Avg: -128.20 | Best: -125.27 | Success:   0/100 | ε: 0.0010
Ep 18500 | Avg: -127.80 | Best: -123.72 | Success:   0/100 | ε: 0.0010
Ep 19000 | Avg: -125.91 | Best: -123.72 | Success:   0/100 | ε: 0.0010
Ep 19500 | Avg: -137.06 | Best: -123.72 | Success:   0/100 | ε: 0.0010
Ep 20000 | Avg: -146.77 | Best: -123.72 | Success:   0/100 | ε: 0.0010
Ep 20500 | Avg: -150.13 | Best: -123.72 | Success:   0/100 | ε: 0.0010
Ep 21000 | Avg: -149.88 | Best: -123.72 | Success:   0/100 | ε: 0.0010
Ep 21500 | Avg: -147.67 | Best: -123.72 | Success:   0/100 | ε: 0.0010
Ep 22000 | Avg: -140.21 | Best: -123.72 | Success:   0/100 | ε: 0.0010
Ep 22500 | Avg: -147.14 | Best: -123.72 | Success:   0/100 | ε: 0.0010
Ep 23000 | Avg: -141.40 | Best: -123.72 | Success:   0/100 | ε: 0.0010
Ep 23500 | Avg: -137.16 | Best: -123.72 | Success:   0/100 | ε: 0.0010
Ep 24000 | Avg: -138.19 | Best: -123.72 | Success:   0/100 | ε: 0.0010
Ep 24500 | Avg: -140.79 | Best: -123.72 | Success:   0/100 | ε: 0.0010
Ep 25000 | Avg: -138.11 | Best: -123.72 | Success:   0/100 | ε: 0.0010
Saved: results/mountaincar_qlearning_20260602_103536/training_log.csv

=======================================================
TRAINING SUMMARY — MountainCar Q-Learning
=======================================================
  Episodes trained         : 25,000
  Solved at episode        : Not solved
  Mean reward (all)        : -154.36 ± 30.92
  Mean reward (last 100)   : -138.11 ± 16.73
  Best 100-ep average      : -123.72
  Success rate (last 100)  : 0 / 100  (0.0%)
  Mean steps (last 100)    : 138.1

  Hyperparameters
    Alpha (LR)             : 0.3
    Gamma                  : 0.995
    Epsilon start → min    : 1.0 → 0.001  (decay 0.9995)
    Bins (pos × vel)       : 40 × 40 = 1,600 states
    Solved threshold       : avg ≥ -110.0 over 100 episodes
=======================================================
Saved: results/mountaincar_qlearning_20260602_103536/summary.txt
Saved: results/mountaincar_qlearning_20260602_103536/training_results.png
Saved: results/mountaincar_qlearning_20260602_103536/trajectory.png

Testing trained agent (20 episodes, ε=0)...
  ✗ Test  1: -122.0  (122 steps)
  ✗ Test  2: -140.0  (140 steps)
  ✗ Test  3: -142.0  (142 steps)
  ✗ Test  4: -142.0  (142 steps)
  ✗ Test  5: -140.0  (140 steps)
  ✗ Test  6: -147.0  (147 steps)
  ✗ Test  7: -139.0  (139 steps)
  ✗ Test  8: -138.0  (138 steps)
  ✗ Test  9: -127.0  (127 steps)
  ✗ Test 10: -125.0  (125 steps)
  ✗ Test 11: -124.0  (124 steps)
  ✗ Test 12: -147.0  (147 steps)
  ✗ Test 13: -139.0  (139 steps)
  ✗ Test 14: -139.0  (139 steps)
  ✗ Test 15: -140.0  (140 steps)
  ✗ Test 16: -122.0  (122 steps)
  ✗ Test 17: -122.0  (122 steps)
  ✗ Test 18: -121.0  (121 steps)
  ✗ Test 19: -124.0  (124 steps)
  ✗ Test 20: -130.0  (130 steps)

  Average : -133.50 ± 8.96
  Success : 0/20  (0%)
  Result  : Needs more training

Results saved to: results/mountaincar_qlearning_20260602_103536/
